-------------------------------------------------------------------------------
Test set: syl.camp.awesomesylstarter.AwesomeStarterApplicationTests
-------------------------------------------------------------------------------
Tests run: 1, Failures: 0, Errors: 1, Skipped: 0, Time elapsed: 0.22 s <<< FAILURE! - in syl.camp.awesomesylstarter.AwesomeStarterApplicationTests
syl.camp.awesomesylstarter.AwesomeStarterApplicationTests  Time elapsed: 0.22 s  <<< ERROR!
java.lang.IllegalStateException: Unable to find a @SpringBootConfiguration, you need to use @ContextConfiguration or @SpringBootTest(classes=...) with your test

